[debug] [2022-12-03T12:58:07.764Z] ----------------------------------------------------------------------
[debug] [2022-12-03T12:58:07.766Z] Command:       /usr/local/bin/node /Users/joranvergauwen/.npm-global/bin/firebase emulators:start --only functions
[debug] [2022-12-03T12:58:07.766Z] CLI Version:   11.16.1
[debug] [2022-12-03T12:58:07.766Z] Platform:      darwin
[debug] [2022-12-03T12:58:07.766Z] Node Version:  v14.20.0
[debug] [2022-12-03T12:58:07.767Z] Time:          Sat Dec 03 2022 13:58:07 GMT+0100 (Central European Standard Time)
[debug] [2022-12-03T12:58:07.767Z] ----------------------------------------------------------------------
[debug] 
[debug] [2022-12-03T12:58:07.824Z] > command requires scopes: ["email","openid","https://www.googleapis.com/auth/cloudplatformprojects.readonly","https://www.googleapis.com/auth/firebase","https://www.googleapis.com/auth/cloud-platform"]
[debug] [2022-12-03T12:58:07.824Z] > authorizing via signed-in user (joran.vergauwen@gmail.com)
[info] i  emulators: Starting emulators: functions {"metadata":{"emulator":{"name":"hub"},"message":"Starting emulators: functions"}}
[debug] [2022-12-03T12:58:08.512Z] [logging] Logging Emulator only supports listening on one address (127.0.0.1). Not listening on ::1
[debug] [2022-12-03T12:58:08.513Z] assigned listening specs for emulators {"user":{"hub":[{"address":"127.0.0.1","family":"IPv4","port":4400},{"address":"::1","family":"IPv6","port":4400}],"ui":[{"address":"127.0.0.1","family":"IPv4","port":4000},{"address":"::1","family":"IPv6","port":4000}],"logging":[{"address":"127.0.0.1","family":"IPv4","port":4500}]},"metadata":{"message":"assigned listening specs for emulators"}}
[debug] [2022-12-03T12:58:08.518Z] [hub] writing locator at /var/folders/tr/8yc685hn05994zkng_gy29_r0000gn/T/hub-mealstogo-5dbdd.json
[debug] [2022-12-03T12:58:08.990Z] [functions] Functions Emulator only supports listening on one address (127.0.0.1). Not listening on ::1
[debug] [2022-12-03T12:58:08.990Z] [eventarc] Eventarc Emulator only supports listening on one address (127.0.0.1). Not listening on ::1
[debug] [2022-12-03T12:58:08.991Z] late-assigned ports for functions and eventarc emulators {"user":{"hub":[{"address":"127.0.0.1","family":"IPv4","port":4400},{"address":"::1","family":"IPv6","port":4400}],"ui":[{"address":"127.0.0.1","family":"IPv4","port":4000},{"address":"::1","family":"IPv6","port":4000}],"logging":[{"address":"127.0.0.1","family":"IPv4","port":4500}],"functions":[{"address":"127.0.0.1","family":"IPv4","port":5001}],"eventarc":[{"address":"127.0.0.1","family":"IPv4","port":9299}]},"metadata":{"message":"late-assigned ports for functions and eventarc emulators"}}
[warn] ⚠  functions: The following emulators are not running, calls to these services from the Functions emulator will affect production: auth, firestore, database, hosting, pubsub, storage {"metadata":{"emulator":{"name":"functions"},"message":"The following emulators are not running, calls to these services from the Functions emulator will affect production: \u001b[1mauth, firestore, database, hosting, pubsub, storage\u001b[22m"}}
[info] ✔  functions: Using node@14 from host. {"metadata":{"emulator":{"name":"functions"},"message":"Using node@14 from host."}}
[debug] [2022-12-03T12:58:09.004Z] defaultcredentials: writing to file /Users/joranvergauwen/.config/firebase/joran_vergauwen_gmail.com_application_default_credentials.json
[debug] [2022-12-03T12:58:09.014Z] Setting GAC to /Users/joranvergauwen/.config/firebase/joran_vergauwen_gmail.com_application_default_credentials.json {"metadata":{"emulator":{"name":"functions"},"message":"Setting GAC to /Users/joranvergauwen/.config/firebase/joran_vergauwen_gmail.com_application_default_credentials.json"}}
[debug] [2022-12-03T12:58:09.017Z] >>> [apiv2][query] GET https://firebase.googleapis.com/v1beta1/projects/mealstogo-5dbdd/adminSdkConfig [none]
[debug] [2022-12-03T12:58:09.536Z] <<< [apiv2][status] GET https://firebase.googleapis.com/v1beta1/projects/mealstogo-5dbdd/adminSdkConfig 200
[debug] [2022-12-03T12:58:09.537Z] <<< [apiv2][body] GET https://firebase.googleapis.com/v1beta1/projects/mealstogo-5dbdd/adminSdkConfig {"projectId":"mealstogo-5dbdd","storageBucket":"mealstogo-5dbdd.appspot.com"}
[debug] [2022-12-03T12:58:09.561Z] Ignoring unsupported arg: auto_download {"metadata":{"emulator":{"name":"ui"},"message":"Ignoring unsupported arg: auto_download"}}
[debug] [2022-12-03T12:58:09.561Z] Ignoring unsupported arg: port {"metadata":{"emulator":{"name":"ui"},"message":"Ignoring unsupported arg: port"}}
[debug] [2022-12-03T12:58:09.561Z] Starting Emulator UI with command {"binary":"node","args":["/Users/joranvergauwen/.cache/firebase/emulators/ui-v1.11.1/server/server.js"],"optionalArgs":[],"joinArgs":false} {"metadata":{"emulator":{"name":"ui"},"message":"Starting Emulator UI with command {\"binary\":\"node\",\"args\":[\"/Users/joranvergauwen/.cache/firebase/emulators/ui-v1.11.1/server/server.js\"],\"optionalArgs\":[],\"joinArgs\":false}"}}
[info] i  ui: Emulator UI logging to ui-debug.log {"metadata":{"emulator":{"name":"ui"},"message":"Emulator UI logging to \u001b[1mui-debug.log\u001b[22m"}}
[debug] [2022-12-03T12:58:09.686Z] Web / API server started at 127.0.0.1:4000
 {"metadata":{"emulator":{"name":"ui"},"message":"Web / API server started at 127.0.0.1:4000\n"}}
[debug] [2022-12-03T12:58:09.686Z] Web / API server started at ::1:4000
 {"metadata":{"emulator":{"name":"ui"},"message":"Web / API server started at ::1:4000\n"}}
[info] i  functions: Watching "/Users/joranvergauwen/github/MealsToGo/functions" for Cloud Functions... {"metadata":{"emulator":{"name":"functions"},"message":"Watching \"/Users/joranvergauwen/github/MealsToGo/functions\" for Cloud Functions..."}}
[debug] [2022-12-03T12:58:09.838Z] Validating nodejs source
[warn] ⚠  functions: package.json indicates an outdated version of firebase-functions. Please upgrade using npm install --save firebase-functions@latest in your functions directory. 
[warn] ⚠  functions: Please note that there will be breaking changes when you upgrade. 
[debug] [2022-12-03T12:58:11.228Z] > [functions] package.json contents: {
  "name": "functions",
  "description": "Cloud Functions for Firebase",
  "scripts": {
    "serve": "firebase emulators:start --only functions",
    "shell": "firebase functions:shell",
    "start": "npm run shell",
    "deploy": "firebase deploy --only functions",
    "logs": "firebase functions:log"
  },
  "engines": {
    "node": "14"
  },
  "main": "index.js",
  "dependencies": {
    "@googlemaps/google-maps-services-js": "^3.3.16",
    "firebase-admin": "^10.0.2",
    "firebase-functions": "^3.18.0"
  },
  "devDependencies": {
    "firebase-functions-test": "^0.2.0"
  },
  "private": true
}
[debug] [2022-12-03T12:58:11.228Z] Building nodejs source
[debug] [2022-12-03T12:58:11.228Z] Analyzing nodejs backend spec
[debug] [2022-12-03T12:58:11.230Z] Could not find functions.yaml. Must use http discovery
[debug] [2022-12-03T12:58:11.412Z] Serving at port 9005

[debug] [2022-12-03T12:58:11.488Z] Got response from /__/functions.yaml {"endpoints":{"geocode":{"platform":"gcfv1","httpsTrigger":{},"entryPoint":"geocode"},"placesNearby":{"platform":"gcfv1","httpsTrigger":{},"entryPoint":"placesNearby"}},"specVersion":"v1alpha1","requiredAPIs":[]}
[debug] [2022-12-03T12:58:11.493Z] shutdown requested via /__/quitquitquit

[info] ✔  functions: Loaded functions definitions from source: geocode, placesNearby. {"metadata":{"emulator":{"name":"functions"},"message":"Loaded functions definitions from source: geocode, placesNearby."}}
[info] ✔  functions[us-central1-geocode]: http function initialized (http://127.0.0.1:5001/mealstogo-5dbdd/us-central1/geocode). {"metadata":{"emulator":{"name":"functions"},"message":"\u001b[1mhttp\u001b[22m function initialized (http://127.0.0.1:5001/mealstogo-5dbdd/us-central1/geocode)."}}
[info] ✔  functions[us-central1-placesNearby]: http function initialized (http://127.0.0.1:5001/mealstogo-5dbdd/us-central1/placesNearby). {"metadata":{"emulator":{"name":"functions"},"message":"\u001b[1mhttp\u001b[22m function initialized (http://127.0.0.1:5001/mealstogo-5dbdd/us-central1/placesNearby)."}}
[info] 
┌─────────────────────────────────────────────────────────────┐
│ ✔  All emulators ready! It is now safe to connect your app. │
│ i  View Emulator UI at http://127.0.0.1:4000/               │
└─────────────────────────────────────────────────────────────┘

┌───────────┬────────────────┬─────────────────────────────────┐
│ Emulator  │ Host:Port      │ View in Emulator UI             │
├───────────┼────────────────┼─────────────────────────────────┤
│ Functions │ 127.0.0.1:5001 │ http://127.0.0.1:4000/functions │
└───────────┴────────────────┴─────────────────────────────────┘
  Emulator Hub running at 127.0.0.1:4400
  Other reserved ports: 4500

Issues? Report them at https://github.com/firebase/firebase-tools/issues and attach the *-debug.log files.
 
[debug] [2022-12-03T12:58:32.391Z] [work-queue] {"queueLength":1,"workRunningCount":0}
[debug] [2022-12-03T12:58:32.391Z] [work-queue] {"queueLength":0,"workRunningCount":1}
[debug] [2022-12-03T12:58:32.393Z] Accepted request GET /mealstogo-5dbdd/us-central1/geocode --> us-central1-geocode
[debug] [2022-12-03T12:58:32.394Z] [functions] Runtime ready! Sending request! {"metadata":{"emulator":{"name":"functions"},"message":"[functions] Runtime ready! Sending request!"}}
[debug] [2022-12-03T12:58:32.395Z] [functions] Got req.url=/mealstogo-5dbdd/us-central1/geocode, mapping to path=/ {"metadata":{"emulator":{"name":"functions"},"message":"[functions] Got req.url=/mealstogo-5dbdd/us-central1/geocode, mapping to path=/"}}
[debug] [2022-12-03T12:58:32.417Z] [worker-pool] addWorker(us-central1-geocode) {"metadata":{"emulator":{"name":"functions"},"message":"[worker-pool] addWorker(us-central1-geocode)"}}
[debug] [2022-12-03T12:58:32.417Z] [worker-pool] Adding worker with key us-central1-geocode, total=1 {"metadata":{"emulator":{"name":"functions"},"message":"[worker-pool] Adding worker with key us-central1-geocode, total=1"}}
[debug] [2022-12-03T12:58:32.960Z] [runtime-status] [1947] Resolved module firebase-admin {"declared":true,"installed":true,"version":"10.3.0","resolution":"/Users/joranvergauwen/github/MealsToGo/functions/node_modules/firebase-admin/lib/index.js"} {"metadata":{"emulator":{"name":"functions"},"function":{"name":"us-central1-geocode"},"extension":{},"message":"[runtime-status] [1947] Resolved module firebase-admin {\"declared\":true,\"installed\":true,\"version\":\"10.3.0\",\"resolution\":\"/Users/joranvergauwen/github/MealsToGo/functions/node_modules/firebase-admin/lib/index.js\"}"}}
[debug] [2022-12-03T12:58:32.961Z] [runtime-status] [1947] Resolved module firebase-functions {"declared":true,"installed":true,"version":"3.24.1","resolution":"/Users/joranvergauwen/github/MealsToGo/functions/node_modules/firebase-functions/lib/index.js"} {"metadata":{"emulator":{"name":"functions"},"function":{"name":"us-central1-geocode"},"extension":{},"message":"[runtime-status] [1947] Resolved module firebase-functions {\"declared\":true,\"installed\":true,\"version\":\"3.24.1\",\"resolution\":\"/Users/joranvergauwen/github/MealsToGo/functions/node_modules/firebase-functions/lib/index.js\"}"}}
[debug] [2022-12-03T12:58:32.961Z] [runtime-status] [1947] Found local functions config: /Users/joranvergauwen/github/MealsToGo/functions/.runtimeconfig.json {"metadata":{"emulator":{"name":"functions"},"function":{"name":"us-central1-geocode"},"extension":{},"message":"[runtime-status] [1947] Found local functions config: /Users/joranvergauwen/github/MealsToGo/functions/.runtimeconfig.json"}}
[debug] [2022-12-03T12:58:32.961Z] [runtime-status] [1947] Outgoing network have been stubbed. [{"name":"http","status":"mocked"},{"name":"http","status":"mocked"},{"name":"https","status":"mocked"},{"name":"https","status":"mocked"},{"name":"net","status":"mocked"}] {"metadata":{"emulator":{"name":"functions"},"function":{"name":"us-central1-geocode"},"extension":{},"message":"[runtime-status] [1947] Outgoing network have been stubbed. [{\"name\":\"http\",\"status\":\"mocked\"},{\"name\":\"http\",\"status\":\"mocked\"},{\"name\":\"https\",\"status\":\"mocked\"},{\"name\":\"https\",\"status\":\"mocked\"},{\"name\":\"net\",\"status\":\"mocked\"}]"}}
[debug] [2022-12-03T12:58:32.961Z] [runtime-status] [1947] Resolved module firebase-functions {"declared":true,"installed":true,"version":"3.24.1","resolution":"/Users/joranvergauwen/github/MealsToGo/functions/node_modules/firebase-functions/lib/index.js"} {"metadata":{"emulator":{"name":"functions"},"function":{"name":"us-central1-geocode"},"extension":{},"message":"[runtime-status] [1947] Resolved module firebase-functions {\"declared\":true,\"installed\":true,\"version\":\"3.24.1\",\"resolution\":\"/Users/joranvergauwen/github/MealsToGo/functions/node_modules/firebase-functions/lib/index.js\"}"}}
[debug] [2022-12-03T12:58:32.982Z] [runtime-status] [1947] Checked functions.config() {"config":{"google":{"key":"AIzaSyCFpUkPD4wIAnlUuDoJ9LZOhK1T98V4ZHA"}}} {"metadata":{"emulator":{"name":"functions"},"function":{"name":"us-central1-geocode"},"extension":{},"message":"[runtime-status] [1947] Checked functions.config() {\"config\":{\"google\":{\"key\":\"AIzaSyCFpUkPD4wIAnlUuDoJ9LZOhK1T98V4ZHA\"}}}"}}
[debug] [2022-12-03T12:58:32.982Z] [runtime-status] [1947] firebase-functions has been stubbed. {"functionsResolution":{"declared":true,"installed":true,"version":"3.24.1","resolution":"/Users/joranvergauwen/github/MealsToGo/functions/node_modules/firebase-functions/lib/index.js"}} {"metadata":{"emulator":{"name":"functions"},"function":{"name":"us-central1-geocode"},"extension":{},"message":"[runtime-status] [1947] firebase-functions has been stubbed. {\"functionsResolution\":{\"declared\":true,\"installed\":true,\"version\":\"3.24.1\",\"resolution\":\"/Users/joranvergauwen/github/MealsToGo/functions/node_modules/firebase-functions/lib/index.js\"}}"}}
[debug] [2022-12-03T12:58:32.982Z] [runtime-status] [1947] Resolved module firebase-functions {"declared":true,"installed":true,"version":"3.24.1","resolution":"/Users/joranvergauwen/github/MealsToGo/functions/node_modules/firebase-functions/lib/index.js"} {"metadata":{"emulator":{"name":"functions"},"function":{"name":"us-central1-geocode"},"extension":{},"message":"[runtime-status] [1947] Resolved module firebase-functions {\"declared\":true,\"installed\":true,\"version\":\"3.24.1\",\"resolution\":\"/Users/joranvergauwen/github/MealsToGo/functions/node_modules/firebase-functions/lib/index.js\"}"}}
[debug] [2022-12-03T12:58:32.983Z] [runtime-status] [1947] Resolved module firebase-admin {"declared":true,"installed":true,"version":"10.3.0","resolution":"/Users/joranvergauwen/github/MealsToGo/functions/node_modules/firebase-admin/lib/index.js"} {"metadata":{"emulator":{"name":"functions"},"function":{"name":"us-central1-geocode"},"extension":{},"message":"[runtime-status] [1947] Resolved module firebase-admin {\"declared\":true,\"installed\":true,\"version\":\"10.3.0\",\"resolution\":\"/Users/joranvergauwen/github/MealsToGo/functions/node_modules/firebase-admin/lib/index.js\"}"}}
[debug] [2022-12-03T12:58:32.983Z] [runtime-status] [1947] Resolved module firebase-functions {"declared":true,"installed":true,"version":"3.24.1","resolution":"/Users/joranvergauwen/github/MealsToGo/functions/node_modules/firebase-functions/lib/index.js"} {"metadata":{"emulator":{"name":"functions"},"function":{"name":"us-central1-geocode"},"extension":{},"message":"[runtime-status] [1947] Resolved module firebase-functions {\"declared\":true,\"installed\":true,\"version\":\"3.24.1\",\"resolution\":\"/Users/joranvergauwen/github/MealsToGo/functions/node_modules/firebase-functions/lib/index.js\"}"}}
[debug] [2022-12-03T12:58:32.983Z] [runtime-status] [1947] firebase-admin has been stubbed. {"adminResolution":{"declared":true,"installed":true,"version":"10.3.0","resolution":"/Users/joranvergauwen/github/MealsToGo/functions/node_modules/firebase-admin/lib/index.js"}} {"metadata":{"emulator":{"name":"functions"},"function":{"name":"us-central1-geocode"},"extension":{},"message":"[runtime-status] [1947] firebase-admin has been stubbed. {\"adminResolution\":{\"declared\":true,\"installed\":true,\"version\":\"10.3.0\",\"resolution\":\"/Users/joranvergauwen/github/MealsToGo/functions/node_modules/firebase-admin/lib/index.js\"}}"}}
[debug] [2022-12-03T12:58:33.017Z] [runtime-status] [1947] Functions runtime initialized. {"cwd":"/Users/joranvergauwen/github/MealsToGo/functions","node_version":"14.20.0"} {"metadata":{"emulator":{"name":"functions"},"function":{"name":"us-central1-geocode"},"extension":{},"message":"[runtime-status] [1947] Functions runtime initialized. {\"cwd\":\"/Users/joranvergauwen/github/MealsToGo/functions\",\"node_version\":\"14.20.0\"}"}}
[debug] [2022-12-03T12:58:33.017Z] [runtime-status] [1947] Listening to port: /var/folders/tr/8yc685hn05994zkng_gy29_r0000gn/T/fire_emu_85385450f09de5d4.sock {"metadata":{"emulator":{"name":"functions"},"function":{"name":"us-central1-geocode"},"extension":{},"message":"[runtime-status] [1947] Listening to port: /var/folders/tr/8yc685hn05994zkng_gy29_r0000gn/T/fire_emu_85385450f09de5d4.sock"}}
[debug] [2022-12-03T12:58:33.034Z] [worker-us-central1-geocode-38e0784a-3411-4b3c-9531-a0f8243ac9e8]: IDLE {"metadata":{"emulator":{"name":"functions"},"message":"[worker-us-central1-geocode-38e0784a-3411-4b3c-9531-a0f8243ac9e8]: IDLE"}}
[debug] [2022-12-03T12:58:33.034Z] [worker-pool] submitRequest(triggerId=us-central1-geocode) {"metadata":{"emulator":{"name":"functions"},"message":"[worker-pool] submitRequest(triggerId=us-central1-geocode)"}}
[debug] [2022-12-03T12:58:33.034Z] [worker-us-central1-geocode-38e0784a-3411-4b3c-9531-a0f8243ac9e8]: BUSY {"metadata":{"emulator":{"name":"functions"},"message":"[worker-us-central1-geocode-38e0784a-3411-4b3c-9531-a0f8243ac9e8]: BUSY"}}
[info] i  functions: Beginning execution of "geocode" {"metadata":{"emulator":{"name":"functions"},"function":{"name":"us-central1-geocode"},"extension":{},"message":"Beginning execution of \"geocode\""}}
[debug] [2022-12-03T12:58:33.198Z] [worker-us-central1-geocode-38e0784a-3411-4b3c-9531-a0f8243ac9e8]: IDLE {"metadata":{"emulator":{"name":"functions"},"message":"[worker-us-central1-geocode-38e0784a-3411-4b3c-9531-a0f8243ac9e8]: IDLE"}}
[debug] [2022-12-03T12:58:33.198Z] [work-queue] {"queueLength":0,"workRunningCount":0}
[info] i  functions: Finished "geocode" in 160.331834ms {"metadata":{"emulator":{"name":"functions"},"function":{"name":"us-central1-geocode"},"extension":{},"message":"Finished \"geocode\" in 160.331834ms"}}
[debug] [2022-12-03T12:58:45.056Z] [work-queue] {"queueLength":1,"workRunningCount":0}
[debug] [2022-12-03T12:58:45.058Z] [work-queue] {"queueLength":0,"workRunningCount":1}
[debug] [2022-12-03T12:58:45.058Z] Accepted request GET /mealstogo-5dbdd/us-central1/geocode?city=Toronto --> us-central1-geocode
[debug] [2022-12-03T12:58:45.060Z] [functions] Runtime ready! Sending request! {"metadata":{"emulator":{"name":"functions"},"message":"[functions] Runtime ready! Sending request!"}}
[debug] [2022-12-03T12:58:45.062Z] [functions] Got req.url=/mealstogo-5dbdd/us-central1/geocode?city=Toronto, mapping to path=/?city=Toronto {"metadata":{"emulator":{"name":"functions"},"message":"[functions] Got req.url=/mealstogo-5dbdd/us-central1/geocode?city=Toronto, mapping to path=/?city=Toronto"}}
[debug] [2022-12-03T12:58:45.063Z] [worker-pool] submitRequest(triggerId=us-central1-geocode) {"metadata":{"emulator":{"name":"functions"},"message":"[worker-pool] submitRequest(triggerId=us-central1-geocode)"}}
[debug] [2022-12-03T12:58:45.063Z] [worker-us-central1-geocode-38e0784a-3411-4b3c-9531-a0f8243ac9e8]: BUSY {"metadata":{"emulator":{"name":"functions"},"message":"[worker-us-central1-geocode-38e0784a-3411-4b3c-9531-a0f8243ac9e8]: BUSY"}}
[info] i  functions: Beginning execution of "geocode" {"metadata":{"emulator":{"name":"functions"},"function":{"name":"us-central1-geocode"},"extension":{},"message":"Beginning execution of \"geocode\""}}
[debug] [2022-12-03T12:58:45.232Z] [worker-us-central1-geocode-38e0784a-3411-4b3c-9531-a0f8243ac9e8]: IDLE {"metadata":{"emulator":{"name":"functions"},"message":"[worker-us-central1-geocode-38e0784a-3411-4b3c-9531-a0f8243ac9e8]: IDLE"}}
[debug] [2022-12-03T12:58:45.232Z] [work-queue] {"queueLength":0,"workRunningCount":0}
[info] i  functions: Finished "geocode" in 158.44075ms {"metadata":{"emulator":{"name":"functions"},"function":{"name":"us-central1-geocode"},"extension":{},"message":"Finished \"geocode\" in 158.44075ms"}}
[debug] [2022-12-03T12:58:51.142Z] [work-queue] {"queueLength":1,"workRunningCount":0}
[debug] [2022-12-03T12:58:51.143Z] [work-queue] {"queueLength":0,"workRunningCount":1}
[debug] [2022-12-03T12:58:51.143Z] Accepted request GET /mealstogo-5dbdd/us-central1/geocode?city=Antwerp&mock=true --> us-central1-geocode
[debug] [2022-12-03T12:58:51.144Z] [functions] Runtime ready! Sending request! {"metadata":{"emulator":{"name":"functions"},"message":"[functions] Runtime ready! Sending request!"}}
[debug] [2022-12-03T12:58:51.144Z] [functions] Got req.url=/mealstogo-5dbdd/us-central1/geocode?city=Antwerp&mock=true, mapping to path=/?city=Antwerp&mock=true {"metadata":{"emulator":{"name":"functions"},"message":"[functions] Got req.url=/mealstogo-5dbdd/us-central1/geocode?city=Antwerp&mock=true, mapping to path=/?city=Antwerp&mock=true"}}
[debug] [2022-12-03T12:58:51.144Z] [worker-pool] submitRequest(triggerId=us-central1-geocode) {"metadata":{"emulator":{"name":"functions"},"message":"[worker-pool] submitRequest(triggerId=us-central1-geocode)"}}
[debug] [2022-12-03T12:58:51.144Z] [worker-us-central1-geocode-38e0784a-3411-4b3c-9531-a0f8243ac9e8]: BUSY {"metadata":{"emulator":{"name":"functions"},"message":"[worker-us-central1-geocode-38e0784a-3411-4b3c-9531-a0f8243ac9e8]: BUSY"}}
[info] i  functions: Beginning execution of "geocode" {"metadata":{"emulator":{"name":"functions"},"function":{"name":"us-central1-geocode"},"extension":{},"message":"Beginning execution of \"geocode\""}}
[debug] [2022-12-03T12:58:51.147Z] [worker-us-central1-geocode-38e0784a-3411-4b3c-9531-a0f8243ac9e8]: IDLE {"metadata":{"emulator":{"name":"functions"},"message":"[worker-us-central1-geocode-38e0784a-3411-4b3c-9531-a0f8243ac9e8]: IDLE"}}
[debug] [2022-12-03T12:58:51.147Z] [work-queue] {"queueLength":0,"workRunningCount":0}
[info] i  functions: Finished "geocode" in 2.115042ms {"metadata":{"emulator":{"name":"functions"},"function":{"name":"us-central1-geocode"},"extension":{},"message":"Finished \"geocode\" in 2.115042ms"}}
[info] >  (node:1947) UnhandledPromiseRejectionWarning: TypeError: Cannot read property 'data' of undefined {"user":"(node:1947) UnhandledPromiseRejectionWarning: TypeError: Cannot read property 'data' of undefined","metadata":{"emulator":{"name":"functions"},"function":{"name":"us-central1-geocode"},"extension":{},"message":"\u001b[90m> \u001b[39m (node:1947) UnhandledPromiseRejectionWarning: TypeError: Cannot read property 'data' of undefined"}}
[info] >      at /Users/joranvergauwen/github/MealsToGo/functions/geocode/index.js:24:39 {"user":"    at /Users/joranvergauwen/github/MealsToGo/functions/geocode/index.js:24:39","metadata":{"emulator":{"name":"functions"},"function":{"name":"us-central1-geocode"},"extension":{},"message":"\u001b[90m> \u001b[39m     at /Users/joranvergauwen/github/MealsToGo/functions/geocode/index.js:24:39"}}
[info] >      at processTicksAndRejections (internal/process/task_queues.js:95:5) {"user":"    at processTicksAndRejections (internal/process/task_queues.js:95:5)","metadata":{"emulator":{"name":"functions"},"function":{"name":"us-central1-geocode"},"extension":{},"message":"\u001b[90m> \u001b[39m     at processTicksAndRejections (internal/process/task_queues.js:95:5)"}}
[info] >  (Use `node --trace-warnings ...` to show where the warning was created) {"user":"(Use `node --trace-warnings ...` to show where the warning was created)","metadata":{"emulator":{"name":"functions"},"function":{"name":"us-central1-geocode"},"extension":{},"message":"\u001b[90m> \u001b[39m (Use `node --trace-warnings ...` to show where the warning was created)"}}
[info] >  (node:1947) UnhandledPromiseRejectionWarning: Unhandled promise rejection. This error originated either by throwing inside of an async function without a catch block, or by rejecting a promise which was not handled with .catch(). To terminate the node process on unhandled promise rejection, use the CLI flag `--unhandled-rejections=strict` (see https://nodejs.org/api/cli.html#cli_unhandled_rejections_mode). (rejection id: 3) {"user":"(node:1947) UnhandledPromiseRejectionWarning: Unhandled promise rejection. This error originated either by throwing inside of an async function without a catch block, or by rejecting a promise which was not handled with .catch(). To terminate the node process on unhandled promise rejection, use the CLI flag `--unhandled-rejections=strict` (see https://nodejs.org/api/cli.html#cli_unhandled_rejections_mode). (rejection id: 3)","metadata":{"emulator":{"name":"functions"},"function":{"name":"us-central1-geocode"},"extension":{},"message":"\u001b[90m> \u001b[39m (node:1947) UnhandledPromiseRejectionWarning: Unhandled promise rejection. This error originated either by throwing inside of an async function without a catch block, or by rejecting a promise which was not handled with .catch(). To terminate the node process on unhandled promise rejection, use the CLI flag `--unhandled-rejections=strict` (see https://nodejs.org/api/cli.html#cli_unhandled_rejections_mode). (rejection id: 3)"}}
[info] >  (node:1947) [DEP0018] DeprecationWarning: Unhandled promise rejections are deprecated. In the future, promise rejections that are not handled will terminate the Node.js process with a non-zero exit code. {"user":"(node:1947) [DEP0018] DeprecationWarning: Unhandled promise rejections are deprecated. In the future, promise rejections that are not handled will terminate the Node.js process with a non-zero exit code.","metadata":{"emulator":{"name":"functions"},"function":{"name":"us-central1-geocode"},"extension":{},"message":"\u001b[90m> \u001b[39m (node:1947) [DEP0018] DeprecationWarning: Unhandled promise rejections are deprecated. In the future, promise rejections that are not handled will terminate the Node.js process with a non-zero exit code."}}
[debug] [2022-12-03T12:59:02.936Z] [work-queue] {"queueLength":1,"workRunningCount":0}
[debug] [2022-12-03T12:59:02.937Z] [work-queue] {"queueLength":0,"workRunningCount":1}
[debug] [2022-12-03T12:59:02.937Z] Accepted request GET /mealstogo-5dbdd/us-central1/geocode?city=Antwerp&mock=false --> us-central1-geocode
[debug] [2022-12-03T12:59:02.938Z] [functions] Runtime ready! Sending request! {"metadata":{"emulator":{"name":"functions"},"message":"[functions] Runtime ready! Sending request!"}}
[debug] [2022-12-03T12:59:02.939Z] [functions] Got req.url=/mealstogo-5dbdd/us-central1/geocode?city=Antwerp&mock=false, mapping to path=/?city=Antwerp&mock=false {"metadata":{"emulator":{"name":"functions"},"message":"[functions] Got req.url=/mealstogo-5dbdd/us-central1/geocode?city=Antwerp&mock=false, mapping to path=/?city=Antwerp&mock=false"}}
[debug] [2022-12-03T12:59:02.939Z] [worker-pool] submitRequest(triggerId=us-central1-geocode) {"metadata":{"emulator":{"name":"functions"},"message":"[worker-pool] submitRequest(triggerId=us-central1-geocode)"}}
[debug] [2022-12-03T12:59:02.940Z] [worker-us-central1-geocode-38e0784a-3411-4b3c-9531-a0f8243ac9e8]: BUSY {"metadata":{"emulator":{"name":"functions"},"message":"[worker-us-central1-geocode-38e0784a-3411-4b3c-9531-a0f8243ac9e8]: BUSY"}}
[info] i  functions: Beginning execution of "geocode" {"metadata":{"emulator":{"name":"functions"},"function":{"name":"us-central1-geocode"},"extension":{},"message":"Beginning execution of \"geocode\""}}
[debug] [2022-12-03T12:59:03.099Z] [worker-us-central1-geocode-38e0784a-3411-4b3c-9531-a0f8243ac9e8]: IDLE {"metadata":{"emulator":{"name":"functions"},"message":"[worker-us-central1-geocode-38e0784a-3411-4b3c-9531-a0f8243ac9e8]: IDLE"}}
[debug] [2022-12-03T12:59:03.099Z] [work-queue] {"queueLength":0,"workRunningCount":0}
[info] i  functions: Finished "geocode" in 150.869333ms {"metadata":{"emulator":{"name":"functions"},"function":{"name":"us-central1-geocode"},"extension":{},"message":"Finished \"geocode\" in 150.869333ms"}}
[debug] [2022-12-03T12:59:07.927Z] [work-queue] {"queueLength":1,"workRunningCount":0}
[debug] [2022-12-03T12:59:07.928Z] [work-queue] {"queueLength":0,"workRunningCount":1}
[debug] [2022-12-03T12:59:07.928Z] Accepted request GET /mealstogo-5dbdd/us-central1/geocode?city=Antwerp&mock=false --> us-central1-geocode
[debug] [2022-12-03T12:59:07.929Z] [functions] Runtime ready! Sending request! {"metadata":{"emulator":{"name":"functions"},"message":"[functions] Runtime ready! Sending request!"}}
[debug] [2022-12-03T12:59:07.929Z] [functions] Got req.url=/mealstogo-5dbdd/us-central1/geocode?city=Antwerp&mock=false, mapping to path=/?city=Antwerp&mock=false {"metadata":{"emulator":{"name":"functions"},"message":"[functions] Got req.url=/mealstogo-5dbdd/us-central1/geocode?city=Antwerp&mock=false, mapping to path=/?city=Antwerp&mock=false"}}
[debug] [2022-12-03T12:59:07.929Z] [worker-pool] submitRequest(triggerId=us-central1-geocode) {"metadata":{"emulator":{"name":"functions"},"message":"[worker-pool] submitRequest(triggerId=us-central1-geocode)"}}
[debug] [2022-12-03T12:59:07.929Z] [worker-us-central1-geocode-38e0784a-3411-4b3c-9531-a0f8243ac9e8]: BUSY {"metadata":{"emulator":{"name":"functions"},"message":"[worker-us-central1-geocode-38e0784a-3411-4b3c-9531-a0f8243ac9e8]: BUSY"}}
[info] i  functions: Beginning execution of "geocode" {"metadata":{"emulator":{"name":"functions"},"function":{"name":"us-central1-geocode"},"extension":{},"message":"Beginning execution of \"geocode\""}}
[debug] [2022-12-03T12:59:08.054Z] [worker-us-central1-geocode-38e0784a-3411-4b3c-9531-a0f8243ac9e8]: IDLE {"metadata":{"emulator":{"name":"functions"},"message":"[worker-us-central1-geocode-38e0784a-3411-4b3c-9531-a0f8243ac9e8]: IDLE"}}
[debug] [2022-12-03T12:59:08.055Z] [work-queue] {"queueLength":0,"workRunningCount":0}
[info] i  functions: Finished "geocode" in 121.030709ms {"metadata":{"emulator":{"name":"functions"},"function":{"name":"us-central1-geocode"},"extension":{},"message":"Finished \"geocode\" in 121.030709ms"}}
[debug] [2022-12-03T12:59:09.547Z] [work-queue] {"queueLength":1,"workRunningCount":0}
[debug] [2022-12-03T12:59:09.549Z] [work-queue] {"queueLength":0,"workRunningCount":1}
[debug] [2022-12-03T12:59:09.549Z] Accepted request GET /mealstogo-5dbdd/us-central1/geocode?city=Antwerp&mock=true --> us-central1-geocode
[debug] [2022-12-03T12:59:09.550Z] [functions] Runtime ready! Sending request! {"metadata":{"emulator":{"name":"functions"},"message":"[functions] Runtime ready! Sending request!"}}
[debug] [2022-12-03T12:59:09.551Z] [functions] Got req.url=/mealstogo-5dbdd/us-central1/geocode?city=Antwerp&mock=true, mapping to path=/?city=Antwerp&mock=true {"metadata":{"emulator":{"name":"functions"},"message":"[functions] Got req.url=/mealstogo-5dbdd/us-central1/geocode?city=Antwerp&mock=true, mapping to path=/?city=Antwerp&mock=true"}}
[debug] [2022-12-03T12:59:09.551Z] [worker-pool] submitRequest(triggerId=us-central1-geocode) {"metadata":{"emulator":{"name":"functions"},"message":"[worker-pool] submitRequest(triggerId=us-central1-geocode)"}}
[debug] [2022-12-03T12:59:09.551Z] [worker-us-central1-geocode-38e0784a-3411-4b3c-9531-a0f8243ac9e8]: BUSY {"metadata":{"emulator":{"name":"functions"},"message":"[worker-us-central1-geocode-38e0784a-3411-4b3c-9531-a0f8243ac9e8]: BUSY"}}
[info] i  functions: Beginning execution of "geocode" {"metadata":{"emulator":{"name":"functions"},"function":{"name":"us-central1-geocode"},"extension":{},"message":"Beginning execution of \"geocode\""}}
[debug] [2022-12-03T12:59:09.558Z] [worker-us-central1-geocode-38e0784a-3411-4b3c-9531-a0f8243ac9e8]: IDLE {"metadata":{"emulator":{"name":"functions"},"message":"[worker-us-central1-geocode-38e0784a-3411-4b3c-9531-a0f8243ac9e8]: IDLE"}}
[debug] [2022-12-03T12:59:09.558Z] [work-queue] {"queueLength":0,"workRunningCount":0}
[info] i  functions: Finished "geocode" in 5.046458ms {"metadata":{"emulator":{"name":"functions"},"function":{"name":"us-central1-geocode"},"extension":{},"message":"Finished \"geocode\" in 5.046458ms"}}
[info] >  (node:1947) UnhandledPromiseRejectionWarning: TypeError: Cannot read property 'data' of undefined {"user":"(node:1947) UnhandledPromiseRejectionWarning: TypeError: Cannot read property 'data' of undefined","metadata":{"emulator":{"name":"functions"},"function":{"name":"us-central1-geocode"},"extension":{},"message":"\u001b[90m> \u001b[39m (node:1947) UnhandledPromiseRejectionWarning: TypeError: Cannot read property 'data' of undefined"}}
[info] >      at /Users/joranvergauwen/github/MealsToGo/functions/geocode/index.js:24:39 {"user":"    at /Users/joranvergauwen/github/MealsToGo/functions/geocode/index.js:24:39","metadata":{"emulator":{"name":"functions"},"function":{"name":"us-central1-geocode"},"extension":{},"message":"\u001b[90m> \u001b[39m     at /Users/joranvergauwen/github/MealsToGo/functions/geocode/index.js:24:39"}}
[info] >      at processTicksAndRejections (internal/process/task_queues.js:95:5) {"user":"    at processTicksAndRejections (internal/process/task_queues.js:95:5)","metadata":{"emulator":{"name":"functions"},"function":{"name":"us-central1-geocode"},"extension":{},"message":"\u001b[90m> \u001b[39m     at processTicksAndRejections (internal/process/task_queues.js:95:5)"}}
[info] >  (node:1947) UnhandledPromiseRejectionWarning: Unhandled promise rejection. This error originated either by throwing inside of an async function without a catch block, or by rejecting a promise which was not handled with .catch(). To terminate the node process on unhandled promise rejection, use the CLI flag `--unhandled-rejections=strict` (see https://nodejs.org/api/cli.html#cli_unhandled_rejections_mode). (rejection id: 5) {"user":"(node:1947) UnhandledPromiseRejectionWarning: Unhandled promise rejection. This error originated either by throwing inside of an async function without a catch block, or by rejecting a promise which was not handled with .catch(). To terminate the node process on unhandled promise rejection, use the CLI flag `--unhandled-rejections=strict` (see https://nodejs.org/api/cli.html#cli_unhandled_rejections_mode). (rejection id: 5)","metadata":{"emulator":{"name":"functions"},"function":{"name":"us-central1-geocode"},"extension":{},"message":"\u001b[90m> \u001b[39m (node:1947) UnhandledPromiseRejectionWarning: Unhandled promise rejection. This error originated either by throwing inside of an async function without a catch block, or by rejecting a promise which was not handled with .catch(). To terminate the node process on unhandled promise rejection, use the CLI flag `--unhandled-rejections=strict` (see https://nodejs.org/api/cli.html#cli_unhandled_rejections_mode). (rejection id: 5)"}}
[debug] [2022-12-03T13:00:11.122Z] [work-queue] {"queueLength":1,"workRunningCount":0}
[debug] [2022-12-03T13:00:11.123Z] [work-queue] {"queueLength":0,"workRunningCount":1}
[debug] [2022-12-03T13:00:11.125Z] Accepted request GET /mealstogo-5dbdd/us-central1/geocode?city=Montreal&mock=true --> us-central1-geocode
[debug] [2022-12-03T13:00:11.127Z] [functions] Runtime ready! Sending request! {"metadata":{"emulator":{"name":"functions"},"message":"[functions] Runtime ready! Sending request!"}}
[debug] [2022-12-03T13:00:11.127Z] [functions] Got req.url=/mealstogo-5dbdd/us-central1/geocode?city=Montreal&mock=true, mapping to path=/?city=Montreal&mock=true {"metadata":{"emulator":{"name":"functions"},"message":"[functions] Got req.url=/mealstogo-5dbdd/us-central1/geocode?city=Montreal&mock=true, mapping to path=/?city=Montreal&mock=true"}}
[debug] [2022-12-03T13:00:11.128Z] [worker-pool] submitRequest(triggerId=us-central1-geocode) {"metadata":{"emulator":{"name":"functions"},"message":"[worker-pool] submitRequest(triggerId=us-central1-geocode)"}}
[debug] [2022-12-03T13:00:11.128Z] [worker-us-central1-geocode-38e0784a-3411-4b3c-9531-a0f8243ac9e8]: BUSY {"metadata":{"emulator":{"name":"functions"},"message":"[worker-us-central1-geocode-38e0784a-3411-4b3c-9531-a0f8243ac9e8]: BUSY"}}
[info] i  functions: Beginning execution of "geocode" {"metadata":{"emulator":{"name":"functions"},"function":{"name":"us-central1-geocode"},"extension":{},"message":"Beginning execution of \"geocode\""}}
[debug] [2022-12-03T13:00:11.135Z] [worker-us-central1-geocode-38e0784a-3411-4b3c-9531-a0f8243ac9e8]: IDLE {"metadata":{"emulator":{"name":"functions"},"message":"[worker-us-central1-geocode-38e0784a-3411-4b3c-9531-a0f8243ac9e8]: IDLE"}}
[debug] [2022-12-03T13:00:11.136Z] [work-queue] {"queueLength":0,"workRunningCount":0}
[info] i  functions: Finished "geocode" in 8.882458ms {"metadata":{"emulator":{"name":"functions"},"function":{"name":"us-central1-geocode"},"extension":{},"message":"Finished \"geocode\" in 8.882458ms"}}
[info] >  (node:1947) UnhandledPromiseRejectionWarning: TypeError: Cannot read property 'data' of undefined {"user":"(node:1947) UnhandledPromiseRejectionWarning: TypeError: Cannot read property 'data' of undefined","metadata":{"emulator":{"name":"functions"},"function":{"name":"us-central1-geocode"},"extension":{},"message":"\u001b[90m> \u001b[39m (node:1947) UnhandledPromiseRejectionWarning: TypeError: Cannot read property 'data' of undefined"}}
[info] >      at /Users/joranvergauwen/github/MealsToGo/functions/geocode/index.js:24:39 {"user":"    at /Users/joranvergauwen/github/MealsToGo/functions/geocode/index.js:24:39","metadata":{"emulator":{"name":"functions"},"function":{"name":"us-central1-geocode"},"extension":{},"message":"\u001b[90m> \u001b[39m     at /Users/joranvergauwen/github/MealsToGo/functions/geocode/index.js:24:39"}}
[info] >      at processTicksAndRejections (internal/process/task_queues.js:95:5) {"user":"    at processTicksAndRejections (internal/process/task_queues.js:95:5)","metadata":{"emulator":{"name":"functions"},"function":{"name":"us-central1-geocode"},"extension":{},"message":"\u001b[90m> \u001b[39m     at processTicksAndRejections (internal/process/task_queues.js:95:5)"}}
[info] >  (node:1947) UnhandledPromiseRejectionWarning: Unhandled promise rejection. This error originated either by throwing inside of an async function without a catch block, or by rejecting a promise which was not handled with .catch(). To terminate the node process on unhandled promise rejection, use the CLI flag `--unhandled-rejections=strict` (see https://nodejs.org/api/cli.html#cli_unhandled_rejections_mode). (rejection id: 6) {"user":"(node:1947) UnhandledPromiseRejectionWarning: Unhandled promise rejection. This error originated either by throwing inside of an async function without a catch block, or by rejecting a promise which was not handled with .catch(). To terminate the node process on unhandled promise rejection, use the CLI flag `--unhandled-rejections=strict` (see https://nodejs.org/api/cli.html#cli_unhandled_rejections_mode). (rejection id: 6)","metadata":{"emulator":{"name":"functions"},"function":{"name":"us-central1-geocode"},"extension":{},"message":"\u001b[90m> \u001b[39m (node:1947) UnhandledPromiseRejectionWarning: Unhandled promise rejection. This error originated either by throwing inside of an async function without a catch block, or by rejecting a promise which was not handled with .catch(). To terminate the node process on unhandled promise rejection, use the CLI flag `--unhandled-rejections=strict` (see https://nodejs.org/api/cli.html#cli_unhandled_rejections_mode). (rejection id: 6)"}}
[debug] [2022-12-03T13:00:15.603Z] [work-queue] {"queueLength":1,"workRunningCount":0}
[debug] [2022-12-03T13:00:15.604Z] [work-queue] {"queueLength":0,"workRunningCount":1}
[debug] [2022-12-03T13:00:15.605Z] Accepted request GET /mealstogo-5dbdd/us-central1/geocode?city=Montreal&mock=true --> us-central1-geocode
[debug] [2022-12-03T13:00:15.606Z] [functions] Runtime ready! Sending request! {"metadata":{"emulator":{"name":"functions"},"message":"[functions] Runtime ready! Sending request!"}}
[debug] [2022-12-03T13:00:15.607Z] [functions] Got req.url=/mealstogo-5dbdd/us-central1/geocode?city=Montreal&mock=true, mapping to path=/?city=Montreal&mock=true {"metadata":{"emulator":{"name":"functions"},"message":"[functions] Got req.url=/mealstogo-5dbdd/us-central1/geocode?city=Montreal&mock=true, mapping to path=/?city=Montreal&mock=true"}}
[debug] [2022-12-03T13:00:15.607Z] [worker-pool] submitRequest(triggerId=us-central1-geocode) {"metadata":{"emulator":{"name":"functions"},"message":"[worker-pool] submitRequest(triggerId=us-central1-geocode)"}}
[debug] [2022-12-03T13:00:15.608Z] [worker-us-central1-geocode-38e0784a-3411-4b3c-9531-a0f8243ac9e8]: BUSY {"metadata":{"emulator":{"name":"functions"},"message":"[worker-us-central1-geocode-38e0784a-3411-4b3c-9531-a0f8243ac9e8]: BUSY"}}
[info] i  functions: Beginning execution of "geocode" {"metadata":{"emulator":{"name":"functions"},"function":{"name":"us-central1-geocode"},"extension":{},"message":"Beginning execution of \"geocode\""}}
[debug] [2022-12-03T13:00:15.615Z] [worker-us-central1-geocode-38e0784a-3411-4b3c-9531-a0f8243ac9e8]: IDLE {"metadata":{"emulator":{"name":"functions"},"message":"[worker-us-central1-geocode-38e0784a-3411-4b3c-9531-a0f8243ac9e8]: IDLE"}}
[debug] [2022-12-03T13:00:15.615Z] [work-queue] {"queueLength":0,"workRunningCount":0}
[info] i  functions: Finished "geocode" in 3.647042ms {"metadata":{"emulator":{"name":"functions"},"function":{"name":"us-central1-geocode"},"extension":{},"message":"Finished \"geocode\" in 3.647042ms"}}
[info] >  (node:1947) UnhandledPromiseRejectionWarning: TypeError: Cannot read property 'data' of undefined {"user":"(node:1947) UnhandledPromiseRejectionWarning: TypeError: Cannot read property 'data' of undefined","metadata":{"emulator":{"name":"functions"},"function":{"name":"us-central1-geocode"},"extension":{},"message":"\u001b[90m> \u001b[39m (node:1947) UnhandledPromiseRejectionWarning: TypeError: Cannot read property 'data' of undefined"}}
[info] >      at /Users/joranvergauwen/github/MealsToGo/functions/geocode/index.js:24:39 {"user":"    at /Users/joranvergauwen/github/MealsToGo/functions/geocode/index.js:24:39","metadata":{"emulator":{"name":"functions"},"function":{"name":"us-central1-geocode"},"extension":{},"message":"\u001b[90m> \u001b[39m     at /Users/joranvergauwen/github/MealsToGo/functions/geocode/index.js:24:39"}}
[info] >      at processTicksAndRejections (internal/process/task_queues.js:95:5) {"user":"    at processTicksAndRejections (internal/process/task_queues.js:95:5)","metadata":{"emulator":{"name":"functions"},"function":{"name":"us-central1-geocode"},"extension":{},"message":"\u001b[90m> \u001b[39m     at processTicksAndRejections (internal/process/task_queues.js:95:5)"}}
[info] >  (node:1947) UnhandledPromiseRejectionWarning: Unhandled promise rejection. This error originated either by throwing inside of an async function without a catch block, or by rejecting a promise which was not handled with .catch(). To terminate the node process on unhandled promise rejection, use the CLI flag `--unhandled-rejections=strict` (see https://nodejs.org/api/cli.html#cli_unhandled_rejections_mode). (rejection id: 7) {"user":"(node:1947) UnhandledPromiseRejectionWarning: Unhandled promise rejection. This error originated either by throwing inside of an async function without a catch block, or by rejecting a promise which was not handled with .catch(). To terminate the node process on unhandled promise rejection, use the CLI flag `--unhandled-rejections=strict` (see https://nodejs.org/api/cli.html#cli_unhandled_rejections_mode). (rejection id: 7)","metadata":{"emulator":{"name":"functions"},"function":{"name":"us-central1-geocode"},"extension":{},"message":"\u001b[90m> \u001b[39m (node:1947) UnhandledPromiseRejectionWarning: Unhandled promise rejection. This error originated either by throwing inside of an async function without a catch block, or by rejecting a promise which was not handled with .catch(). To terminate the node process on unhandled promise rejection, use the CLI flag `--unhandled-rejections=strict` (see https://nodejs.org/api/cli.html#cli_unhandled_rejections_mode). (rejection id: 7)"}}
[debug] [2022-12-03T13:00:17.216Z] [work-queue] {"queueLength":1,"workRunningCount":0}
[debug] [2022-12-03T13:00:17.216Z] [work-queue] {"queueLength":0,"workRunningCount":1}
[debug] [2022-12-03T13:00:17.216Z] Accepted request GET /mealstogo-5dbdd/us-central1/geocode?city=Montreal&mock=false --> us-central1-geocode
[debug] [2022-12-03T13:00:17.217Z] [functions] Runtime ready! Sending request! {"metadata":{"emulator":{"name":"functions"},"message":"[functions] Runtime ready! Sending request!"}}
[debug] [2022-12-03T13:00:17.217Z] [functions] Got req.url=/mealstogo-5dbdd/us-central1/geocode?city=Montreal&mock=false, mapping to path=/?city=Montreal&mock=false {"metadata":{"emulator":{"name":"functions"},"message":"[functions] Got req.url=/mealstogo-5dbdd/us-central1/geocode?city=Montreal&mock=false, mapping to path=/?city=Montreal&mock=false"}}
[debug] [2022-12-03T13:00:17.217Z] [worker-pool] submitRequest(triggerId=us-central1-geocode) {"metadata":{"emulator":{"name":"functions"},"message":"[worker-pool] submitRequest(triggerId=us-central1-geocode)"}}
[debug] [2022-12-03T13:00:17.217Z] [worker-us-central1-geocode-38e0784a-3411-4b3c-9531-a0f8243ac9e8]: BUSY {"metadata":{"emulator":{"name":"functions"},"message":"[worker-us-central1-geocode-38e0784a-3411-4b3c-9531-a0f8243ac9e8]: BUSY"}}
[info] i  functions: Beginning execution of "geocode" {"metadata":{"emulator":{"name":"functions"},"function":{"name":"us-central1-geocode"},"extension":{},"message":"Beginning execution of \"geocode\""}}
[debug] [2022-12-03T13:00:17.278Z] [worker-us-central1-geocode-38e0784a-3411-4b3c-9531-a0f8243ac9e8]: IDLE {"metadata":{"emulator":{"name":"functions"},"message":"[worker-us-central1-geocode-38e0784a-3411-4b3c-9531-a0f8243ac9e8]: IDLE"}}
[debug] [2022-12-03T13:00:17.278Z] [work-queue] {"queueLength":0,"workRunningCount":0}
[info] i  functions: Finished "geocode" in 57.906583ms {"metadata":{"emulator":{"name":"functions"},"function":{"name":"us-central1-geocode"},"extension":{},"message":"Finished \"geocode\" in 57.906583ms"}}
